Performing C SOURCE FILE Test CMAKE_HAVE_LIBC_PTHREAD failed with the following output:
Change Dir: C:/Users/Ashton/source/repos/InverseKinematicsSolver/out/build/x64-debug/CMakeFiles/CMakeScratch/TryCompile-ry5pe0

Run Build Command(s):C:/Program Files/Microsoft Visual Studio/2022/Community/Common7/IDE/CommonExtensions/Microsoft/CMake/Ninja/ninja.exe cmTC_702c1 && [1/2] Building C object CMakeFiles\cmTC_702c1.dir\src.c.obj
FAILED: CMakeFiles/cmTC_702c1.dir/src.c.obj 
"C:\PROGRA~1\Microsoft Visual Studio\2022\Community\VC\Tools\MSVC\14.35.32215\bin\Hostx64\x64\cl.exe"  /nologo -DCMAKE_HAVE_LIBC_PTHREAD  /DWIN32 /D_WINDOWS /W3  /MDd /Ob0 /Od /RTC1 -Zi /showIncludes /FoCMakeFiles\cmTC_702c1.dir\src.c.obj /FdCMakeFiles\cmTC_702c1.dir\ /FS -c C:\Users\Ashton\source\repos\InverseKinematicsSolver\out\build\x64-debug\CMakeFiles\CMakeScratch\TryCompile-ry5pe0\src.c
C:\Users\Ashton\source\repos\InverseKinematicsSolver\out\build\x64-debug\CMakeFiles\CMakeScratch\TryCompile-ry5pe0\src.c(1): fatal error C1083: Cannot open include file: 'pthread.h': No such file or directory
ninja: build stopped: subcommand failed.


Source file was:
#include <pthread.h>

static void* test_func(void* data)
{
  return data;
}

int main(void)
{
  pthread_t thread;
  pthread_create(&thread, NULL, test_func, NULL);
  pthread_detach(thread);
  pthread_cancel(thread);
  pthread_join(thread, NULL);
  pthread_atfork(NULL, NULL, NULL);
  pthread_exit(NULL);

  return 0;
}


Determining if the function pthread_create exists in the pthreads failed with the following output:
Change Dir: C:/Users/Ashton/source/repos/InverseKinematicsSolver/out/build/x64-debug/CMakeFiles/CMakeScratch/TryCompile-iydsen

Run Build Command(s):C:/Program Files/Microsoft Visual Studio/2022/Community/Common7/IDE/CommonExtensions/Microsoft/CMake/Ninja/ninja.exe cmTC_d181d && [1/2] Building C object CMakeFiles\cmTC_d181d.dir\CheckFunctionExists.c.obj
[2/2] Linking C executable cmTC_d181d.exe
FAILED: cmTC_d181d.exe 
cmd.exe /C "cd . && "C:\Program Files\Microsoft Visual Studio\2022\Community\Common7\IDE\CommonExtensions\Microsoft\CMake\CMake\bin\cmake.exe" -E vs_link_exe --intdir=CMakeFiles\cmTC_d181d.dir --rc="C:\PROGRA~2\Windows Kits\10\bin\10.0.22000.0\x64\rc.exe" --mt="C:\PROGRA~2\Windows Kits\10\bin\10.0.22000.0\x64\mt.exe" --manifests  -- "C:\PROGRA~1\Microsoft Visual Studio\2022\Community\VC\Tools\MSVC\14.35.32215\bin\Hostx64\x64\link.exe" /nologo CMakeFiles\cmTC_d181d.dir\CheckFunctionExists.c.obj  /out:cmTC_d181d.exe /implib:cmTC_d181d.lib /pdb:cmTC_d181d.pdb /version:0.0 /machine:x64  /debug /INCREMENTAL /subsystem:console  pthreads.lib  kernel32.lib user32.lib gdi32.lib winspool.lib shell32.lib ole32.lib oleaut32.lib uuid.lib comdlg32.lib advapi32.lib && cd ."
LINK Pass 1: command "C:\PROGRA~1\Microsoft Visual Studio\2022\Community\VC\Tools\MSVC\14.35.32215\bin\Hostx64\x64\link.exe /nologo CMakeFiles\cmTC_d181d.dir\CheckFunctionExists.c.obj /out:cmTC_d181d.exe /implib:cmTC_d181d.lib /pdb:cmTC_d181d.pdb /version:0.0 /machine:x64 /debug /INCREMENTAL /subsystem:console pthreads.lib kernel32.lib user32.lib gdi32.lib winspool.lib shell32.lib ole32.lib oleaut32.lib uuid.lib comdlg32.lib advapi32.lib /MANIFEST /MANIFESTFILE:CMakeFiles\cmTC_d181d.dir/intermediate.manifest CMakeFiles\cmTC_d181d.dir/manifest.res" failed (exit code 1104) with the following output:
LINK : fatal error LNK1104: cannot open file 'pthreads.lib'
ninja: build stopped: subcommand failed.



Determining if the function pthread_create exists in the pthread failed with the following output:
Change Dir: C:/Users/Ashton/source/repos/InverseKinematicsSolver/out/build/x64-debug/CMakeFiles/CMakeScratch/TryCompile-sc2rhb

Run Build Command(s):C:/Program Files/Microsoft Visual Studio/2022/Community/Common7/IDE/CommonExtensions/Microsoft/CMake/Ninja/ninja.exe cmTC_ebe5d && [1/2] Building C object CMakeFiles\cmTC_ebe5d.dir\CheckFunctionExists.c.obj
[2/2] Linking C executable cmTC_ebe5d.exe
FAILED: cmTC_ebe5d.exe 
cmd.exe /C "cd . && "C:\Program Files\Microsoft Visual Studio\2022\Community\Common7\IDE\CommonExtensions\Microsoft\CMake\CMake\bin\cmake.exe" -E vs_link_exe --intdir=CMakeFiles\cmTC_ebe5d.dir --rc="C:\PROGRA~2\Windows Kits\10\bin\10.0.22000.0\x64\rc.exe" --mt="C:\PROGRA~2\Windows Kits\10\bin\10.0.22000.0\x64\mt.exe" --manifests  -- "C:\PROGRA~1\Microsoft Visual Studio\2022\Community\VC\Tools\MSVC\14.35.32215\bin\Hostx64\x64\link.exe" /nologo CMakeFiles\cmTC_ebe5d.dir\CheckFunctionExists.c.obj  /out:cmTC_ebe5d.exe /implib:cmTC_ebe5d.lib /pdb:cmTC_ebe5d.pdb /version:0.0 /machine:x64  /debug /INCREMENTAL /subsystem:console  pthread.lib  kernel32.lib user32.lib gdi32.lib winspool.lib shell32.lib ole32.lib oleaut32.lib uuid.lib comdlg32.lib advapi32.lib && cd ."
LINK Pass 1: command "C:\PROGRA~1\Microsoft Visual Studio\2022\Community\VC\Tools\MSVC\14.35.32215\bin\Hostx64\x64\link.exe /nologo CMakeFiles\cmTC_ebe5d.dir\CheckFunctionExists.c.obj /out:cmTC_ebe5d.exe /implib:cmTC_ebe5d.lib /pdb:cmTC_ebe5d.pdb /version:0.0 /machine:x64 /debug /INCREMENTAL /subsystem:console pthread.lib kernel32.lib user32.lib gdi32.lib winspool.lib shell32.lib ole32.lib oleaut32.lib uuid.lib comdlg32.lib advapi32.lib /MANIFEST /MANIFESTFILE:CMakeFiles\cmTC_ebe5d.dir/intermediate.manifest CMakeFiles\cmTC_ebe5d.dir/manifest.res" failed (exit code 1104) with the following output:
LINK : fatal error LNK1104: cannot open file 'pthread.lib'
ninja: build stopped: subcommand failed.



